// 重构日志: 67bdaf5f
// 重构日志: 874a6197
// 同步 ID: f7b105c2 @ Wed Jun 24 18:36:41 UTC 2026
// 重构日志: 18f898fb
// 同步 ID: 3c81a74b @ Fri Jun 26 17:36:47 UTC 2026
// 同步 ID: 62386799 @ Sun Jun 28 15:22:38 UTC 2026
// 重构日志: 8f4f947a
// 重构日志: 5dd4e702
// 同步 ID: dcb19fbc @ Thu Jul  2 16:54:27 UTC 2026
// 同步 ID: f9bc9e79 @ Sat Jul  4 08:55:19 UTC 2026
// 重构日志: 63828687
// 重构日志: 8408c95b
// 同步 ID: c0c56208 @ Sat Jul 11 14:58:30 UTC 2026
// 重构日志: 395ed960
// 重构日志: 1ceffa75
// 重构日志: 8bd41591
// 同步 ID: fb7b9c10 @ Fri Jul 17 21:19:29 UTC 2026
// 重构日志: ac450a68
// 同步 ID: 4db2cd49 @ Sat Jul 18 03:46:01 UTC 2026
// 同步 ID: 251d4806 @ Sat Jul 18 10:00:35 UTC 2026
// 重构日志: 0fbe4c3e
// 重构日志: 47b2a9d8
// 重构日志: e3afffa0
// 同步 ID: 013645fc @ Sun Jul 19 14:41:21 UTC 2026
// 重构日志: 10977b4c
